Info 0    [08:22:38.649] Starting TS Server
Info 1    [08:22:38.650] Version: 4.9.5
Info 2    [08:22:38.650] Arguments: /usr/local/bin/node /Users/bjar/git/treehacks/frontend/node_modules/typescript/lib/tsserver.js --logFile /Users/bjar/git/treehacks/frontend/.log/tsserver.log --logVerbosity info --cancellationPipeName /private/var/folders/b1/p5d4gl2s32ggycyg1vpgzrlh0000gn/T/502819c3cb88e67dc03b8e761940083a/tscancellation*
Info 3    [08:22:38.650] Platform: darwin NodeVersion: 16 CaseSensitive: false
Info 4    [08:22:38.650] ServerMode: undefined syntaxOnly: false hasUnknownServerMode: undefined
Info 5    [08:22:38.664] Format host information updated
Info 6    [08:22:39.435] Search path: /Users/bjar/git/treehacks/frontend/src/components
Info 7    [08:22:39.436] For info: /Users/bjar/git/treehacks/frontend/src/components/Node.tsx :: Config file name: /Users/bjar/git/treehacks/frontend/tsconfig.json
Info 8    [08:22:39.436] Creating configuration project /Users/bjar/git/treehacks/frontend/tsconfig.json
Info 9    [08:22:39.455] Config: /Users/bjar/git/treehacks/frontend/tsconfig.json : {
 "rootNames": [
  "/Users/bjar/git/treehacks/frontend/src/App.test.tsx",
  "/Users/bjar/git/treehacks/frontend/src/App.tsx",
  "/Users/bjar/git/treehacks/frontend/src/index.tsx",
  "/Users/bjar/git/treehacks/frontend/src/react-app-env.d.ts",
  "/Users/bjar/git/treehacks/frontend/src/reportWebVitals.ts",
  "/Users/bjar/git/treehacks/frontend/src/setupTests.ts",
  "/Users/bjar/git/treehacks/frontend/src/components/Node.tsx"
 ],
 "options": {
  "target": 1,
  "lib": [
   "lib.dom.d.ts",
   "lib.dom.iterable.d.ts",
   "lib.esnext.d.ts"
  ],
  "allowJs": true,
  "skipLibCheck": true,
  "esModuleInterop": true,
  "allowSyntheticDefaultImports": true,
  "strict": true,
  "forceConsistentCasingInFileNames": true,
  "noFallthroughCasesInSwitch": true,
  "module": 99,
  "moduleResolution": 2,
  "resolveJsonModule": true,
  "isolatedModules": true,
  "noEmit": true,
  "jsx": 4,
  "configFilePath": "/Users/bjar/git/treehacks/frontend/tsconfig.json"
 }
}
Info 10   [08:22:39.535] Starting updateGraphWorker: Project: /Users/bjar/git/treehacks/frontend/tsconfig.json
Info 11   [08:22:41.339] Finishing updateGraphWorker: Project: /Users/bjar/git/treehacks/frontend/tsconfig.json Version: 1 structureChanged: true structureIsReused:: Not Elapsed: 1803.9713039398193ms
Info 12   [08:22:41.339] Project '/Users/bjar/git/treehacks/frontend/tsconfig.json' (Configured)
Info 13   [08:22:41.339] 	Files (331)

Info 14   [08:22:41.339] -----------------------------------------------
Info 15   [08:22:41.346] AutoImportProviderProject: found 2 root files in 2 dependencies in 4.747957229614258 ms
Info 16   [08:22:41.347] Starting updateGraphWorker: Project: /dev/null/autoImportProviderProject1*
Info 17   [08:22:41.486] Finishing updateGraphWorker: Project: /dev/null/autoImportProviderProject1* Version: 1 structureChanged: true structureIsReused:: Not Elapsed: 138.89310312271118ms
Info 18   [08:22:41.499] Project '/dev/null/autoImportProviderProject1*' (AutoImportProvider)
Info 19   [08:22:41.500] 	Files (40)

Info 20   [08:22:41.500] -----------------------------------------------
Info 21   [08:25:36.186] Starting updateGraphWorker: Project: /Users/bjar/git/treehacks/frontend/tsconfig.json
Info 22   [08:25:36.209] Finishing updateGraphWorker: Project: /Users/bjar/git/treehacks/frontend/tsconfig.json Version: 2 structureChanged: false structureIsReused:: Completely Elapsed: 22.884521961212158ms
Info 23   [08:25:36.209] Different program with same set of files
Info 24   [08:25:38.879] Starting updateGraphWorker: Project: /Users/bjar/git/treehacks/frontend/tsconfig.json
Info 25   [08:25:38.904] Finishing updateGraphWorker: Project: /Users/bjar/git/treehacks/frontend/tsconfig.json Version: 3 structureChanged: false structureIsReused:: Completely Elapsed: 25.384588718414307ms
Info 26   [08:25:38.904] Different program with same set of files
Info 27   [08:25:39.393] Starting updateGraphWorker: Project: /Users/bjar/git/treehacks/frontend/tsconfig.json
Info 28   [08:25:39.413] Finishing updateGraphWorker: Project: /Users/bjar/git/treehacks/frontend/tsconfig.json Version: 4 structureChanged: false structureIsReused:: Completely Elapsed: 19.85001230239868ms
Info 29   [08:25:39.413] Different program with same set of files
Info 30   [08:25:39.707] Starting updateGraphWorker: Project: /Users/bjar/git/treehacks/frontend/tsconfig.json
Info 31   [08:25:39.724] Finishing updateGraphWorker: Project: /Users/bjar/git/treehacks/frontend/tsconfig.json Version: 5 structureChanged: false structureIsReused:: Completely Elapsed: 17.21318292617798ms
Info 32   [08:25:39.724] Different program with same set of files
Info 33   [08:25:40.184] Starting updateGraphWorker: Project: /Users/bjar/git/treehacks/frontend/tsconfig.json
Info 34   [08:25:40.201] Finishing updateGraphWorker: Project: /Users/bjar/git/treehacks/frontend/tsconfig.json Version: 6 structureChanged: false structureIsReused:: Completely Elapsed: 16.441102027893066ms
Info 35   [08:25:40.201] Different program with same set of files
Info 36   [08:25:40.573] Starting updateGraphWorker: Project: /Users/bjar/git/treehacks/frontend/tsconfig.json
Info 37   [08:25:40.589] Finishing updateGraphWorker: Project: /Users/bjar/git/treehacks/frontend/tsconfig.json Version: 7 structureChanged: false structureIsReused:: Completely Elapsed: 15.745543956756592ms
Info 38   [08:25:40.589] Different program with same set of files
Info 39   [08:25:41.007] Starting updateGraphWorker: Project: /Users/bjar/git/treehacks/frontend/tsconfig.json
Info 40   [08:25:41.025] Finishing updateGraphWorker: Project: /Users/bjar/git/treehacks/frontend/tsconfig.json Version: 8 structureChanged: false structureIsReused:: Completely Elapsed: 18.223289012908936ms
Info 41   [08:25:41.026] Different program with same set of files
Info 42   [08:25:41.032] Starting updateGraphWorker: Project: /Users/bjar/git/treehacks/frontend/tsconfig.json
Info 43   [08:25:41.044] Finishing updateGraphWorker: Project: /Users/bjar/git/treehacks/frontend/tsconfig.json Version: 9 structureChanged: false structureIsReused:: Completely Elapsed: 12.22293996810913ms
Info 44   [08:25:41.044] Different program with same set of files
Info 45   [08:25:41.755] Starting updateGraphWorker: Project: /Users/bjar/git/treehacks/frontend/tsconfig.json
Info 46   [08:25:41.769] Finishing updateGraphWorker: Project: /Users/bjar/git/treehacks/frontend/tsconfig.json Version: 10 structureChanged: false structureIsReused:: Completely Elapsed: 14.071544170379639ms
Info 47   [08:25:41.769] Different program with same set of files
Info 48   [08:25:42.492] Starting updateGraphWorker: Project: /Users/bjar/git/treehacks/frontend/tsconfig.json
Info 49   [08:25:42.508] Finishing updateGraphWorker: Project: /Users/bjar/git/treehacks/frontend/tsconfig.json Version: 11 structureChanged: false structureIsReused:: Completely Elapsed: 15.461297035217285ms
Info 50   [08:25:42.508] Different program with same set of files
Info 51   [08:25:43.223] Starting updateGraphWorker: Project: /Users/bjar/git/treehacks/frontend/tsconfig.json
Info 52   [08:25:43.239] Finishing updateGraphWorker: Project: /Users/bjar/git/treehacks/frontend/tsconfig.json Version: 12 structureChanged: false structureIsReused:: Completely Elapsed: 16.111279010772705ms
Info 53   [08:25:43.239] Different program with same set of files
Info 54   [08:25:44.006] Starting updateGraphWorker: Project: /Users/bjar/git/treehacks/frontend/tsconfig.json
Info 55   [08:25:44.017] Finishing updateGraphWorker: Project: /Users/bjar/git/treehacks/frontend/tsconfig.json Version: 13 structureChanged: false structureIsReused:: Completely Elapsed: 1